<?xml version="1.0" encoding="UTF-8"?>
<testsuite name="RockPaperScissorsTest" tests="2" skipped="0" failures="0" errors="0" timestamp="2016-02-10T16:40:30" hostname="epicodus-51.local" time="0.002">
  <properties/>
  <testcase name="checkWinner_scissorsBeatsPaper_true" classname="RockPaperScissorsTest" time="0.001"/>
  <testcase name="checkWinner_rockBeatsScissors_true" classname="RockPaperScissorsTest" time="0.0"/>
  <system-out><![CDATA[]]></system-out>
  <system-err><![CDATA[]]></system-err>
</testsuite>
