<?xml version="1.0" encoding="UTF-8"?>
<testsuite name="RockPaperScissorsTest" tests="1" skipped="0" failures="0" errors="0" timestamp="2016-02-10T16:34:11" hostname="epicodus-51.local" time="0.001">
  <properties/>
  <testcase name="checkWinner_rockBeatsScissors_true" classname="RockPaperScissorsTest" time="0.001"/>
  <system-out><![CDATA[]]></system-out>
  <system-err><![CDATA[]]></system-err>
</testsuite>
